<?xml version="1.0" encoding="UTF-8"?>
<!-- Generated by org.testng.reporters.JUnitReportReporter -->
<testsuite hostname="admin-PC" name="pkg.DataproviderDemo" tests="2" failures="0" timestamp="8 Nov 2019 16:32:26 GMT" time="25.993" errors="0">
  <testcase name="openBrowser" time="9.120" classname="pkg.DataproviderDemo"/>
  <testcase name="openBrowser" time="16.873" classname="pkg.DataproviderDemo"/>
</testsuite> <!-- pkg.DataproviderDemo -->
